{
  "stats": {
    "suites": 2,
    "tests": 1,
    "passes": 1,
    "pending": 0,
    "failures": 0,
    "start": "2025-10-14T01:42:44.781Z",
    "end": "2025-10-14T01:42:45.096Z",
    "duration": 315,
    "testsRegistered": 1,
    "passPercent": 100,
    "pendingPercent": 0,
    "other": 0,
    "hasOther": false,
    "skipped": 0,
    "hasSkipped": false
  },
  "results": [
    {
      "uuid": "de4026e2-e968-4413-94b1-7af6f98a3f14",
      "title": "",
      "fullFile": "C:\\PamMentoria\\Projetos\\banco-api-tests\\test\\login.test.js",
      "file": "\\test\\login.test.js",
      "beforeHooks": [],
      "afterHooks": [],
      "tests": [],
      "suites": [
        {
          "uuid": "4fa2e642-d131-4aaa-b175-1b21e83c691e",
          "title": "Login",
          "fullFile": "C:\\PamMentoria\\Projetos\\banco-api-tests\\test\\login.test.js",
          "file": "\\test\\login.test.js",
          "beforeHooks": [],
          "afterHooks": [],
          "tests": [],
          "suites": [
            {
              "uuid": "088c7279-980a-4203-b7e5-ffda7a742a53",
              "title": "POST /Login",
              "fullFile": "C:\\PamMentoria\\Projetos\\banco-api-tests\\test\\login.test.js",
              "file": "\\test\\login.test.js",
              "beforeHooks": [],
              "afterHooks": [],
              "tests": [
                {
                  "title": "Deve retornar 200 com token em string quando usar credenciais validas!",
                  "fullTitle": "Login POST /Login Deve retornar 200 com token em string quando usar credenciais validas!",
                  "timedOut": false,
                  "duration": 303,
                  "state": "passed",
                  "speed": "slow",
                  "pass": true,
                  "fail": false,
                  "pending": false,
                  "context": null,
                  "code": "const resposta = await request('http://localhost:3000')\n    .post('/login')\n    .set('Content-Type','application/json')\n    .send({\n        \"username\": 'julio.lima',\n        \"senha\": '123456'\n        })\n\nexpect(resposta.status).to.equal(200);\nexpect(resposta.body.token).to.be.a('string');",
                  "err": {},
                  "uuid": "1cdc1506-d18d-444f-8f09-ee957264ca8b",
                  "parentUUID": "088c7279-980a-4203-b7e5-ffda7a742a53",
                  "isHook": false,
                  "skipped": false
                }
              ],
              "suites": [],
              "passes": [
                "1cdc1506-d18d-444f-8f09-ee957264ca8b"
              ],
              "failures": [],
              "pending": [],
              "skipped": [],
              "duration": 303,
              "root": false,
              "rootEmpty": false,
              "_timeout": 200000
            }
          ],
          "passes": [],
          "failures": [],
          "pending": [],
          "skipped": [],
          "duration": 0,
          "root": false,
          "rootEmpty": false,
          "_timeout": 200000
        }
      ],
      "passes": [],
      "failures": [],
      "pending": [],
      "skipped": [],
      "duration": 0,
      "root": true,
      "rootEmpty": true,
      "_timeout": 200000
    }
  ],
  "meta": {
    "mocha": {
      "version": "11.7.4"
    },
    "mochawesome": {
      "options": {
        "quiet": false,
        "reportFilename": "mochawesome",
        "saveHtml": true,
        "saveJson": true,
        "consoleReporter": "spec",
        "useInlineDiffs": false,
        "code": true
      },
      "version": "7.1.4"
    },
    "marge": {
      "options": null,
      "version": "6.3.0"
    }
  }
}